[18.06.2025 20:58:23] [INFO] Próba logowania użytkownika
[18.06.2025 20:58:23] [INFO] Logowanie użytkownika test zakończone sukcesem
[18.06.2025 20:58:24] [INFO] Nawiązano nowe połączenie WebSocket
[18.06.2025 21:10:55] [INFO] Próba logowania użytkownika
[18.06.2025 21:10:55] [INFO] Logowanie użytkownika test zakończone sukcesem
[18.06.2025 21:10:56] [INFO] Nawiązano nowe połączenie WebSocket
[18.06.2025 21:13:35] [INFO] Próba logowania użytkownika
[18.06.2025 21:13:35] [INFO] Logowanie użytkownika test zakończone sukcesem
[18.06.2025 21:13:36] [INFO] Nawiązano nowe połączenie WebSocket
[18.06.2025 21:14:34] [INFO] Próba logowania użytkownika
[18.06.2025 21:14:34] [INFO] Logowanie użytkownika test zakończone sukcesem
[18.06.2025 21:14:35] [INFO] Nawiązano nowe połączenie WebSocket
[18.06.2025 21:21:02] [INFO] Próba logowania użytkownika
[18.06.2025 21:21:02] [INFO] Logowanie użytkownika test zakończone sukcesem
[18.06.2025 21:21:03] [INFO] Nawiązano nowe połączenie WebSocket
[18.06.2025 21:21:48] [INFO] Próba logowania użytkownika
[18.06.2025 21:21:48] [INFO] Logowanie użytkownika test zakończone sukcesem
[18.06.2025 21:21:48] [INFO] Nawiązano nowe połączenie WebSocket
[18.06.2025 21:22:30] [INFO] Próba logowania użytkownika
[18.06.2025 21:22:30] [INFO] Logowanie użytkownika test zakończone sukcesem
[18.06.2025 21:22:31] [INFO] Nawiązano nowe połączenie WebSocket
[18.06.2025 21:25:34] [INFO] Próba logowania użytkownika
[18.06.2025 21:25:34] [INFO] Logowanie użytkownika test zakończone sukcesem
[18.06.2025 21:25:34] [INFO] Nawiązano nowe połączenie WebSocket
[18.06.2025 21:27:06] [INFO] Próba logowania użytkownika
[18.06.2025 21:27:06] [INFO] Logowanie użytkownika test zakończone sukcesem
[18.06.2025 21:27:06] [INFO] Nawiązano nowe połączenie WebSocket
[18.06.2025 21:29:25] [INFO] Próba logowania użytkownika
[18.06.2025 21:29:25] [INFO] Logowanie użytkownika test zakończone sukcesem
[18.06.2025 21:29:25] [INFO] Nawiązano nowe połączenie WebSocket
[18.06.2025 21:31:05] [INFO] Próba logowania użytkownika
[18.06.2025 21:31:05] [INFO] Logowanie użytkownika test zakończone sukcesem
[18.06.2025 21:31:06] [INFO] Nawiązano nowe połączenie WebSocket
[18.06.2025 21:31:12] [INFO] Nawiązano nowe połączenie WebSocket
[18.06.2025 21:31:40] [INFO] Próba logowania użytkownika
[18.06.2025 21:31:40] [INFO] Logowanie użytkownika test2 zakończone sukcesem
[18.06.2025 21:31:40] [INFO] Nawiązano nowe połączenie WebSocket
[18.06.2025 22:05:43] [INFO] Próba logowania użytkownika
[18.06.2025 22:05:43] [WARNING] Logowanie nieudane dla test: Błędne dane logowania. Pozostało 2 prób
[18.06.2025 22:06:53] [INFO] Próba logowania użytkownika
[18.06.2025 22:06:53] [INFO] Logowanie użytkownika test zakończone sukcesem
[18.06.2025 22:06:53] [INFO] Nawiązano nowe połączenie WebSocket
[18.06.2025 22:07:02] [INFO] Próba logowania użytkownika
[18.06.2025 22:07:02] [WARNING] Logowanie nieudane dla test: Błędne dane logowania. Pozostało 2 prób
[18.06.2025 22:12:02] [INFO] Próba logowania użytkownika
[18.06.2025 22:12:02] [INFO] Logowanie użytkownika test zakończone sukcesem
[18.06.2025 22:12:02] [INFO] Nawiązano nowe połączenie WebSocket
[18.06.2025 22:21:54] [INFO] Próba logowania użytkownika
[18.06.2025 22:21:54] [INFO] Logowanie użytkownika test2 zakończone sukcesem
[18.06.2025 22:21:54] [INFO] Nawiązano nowe połączenie WebSocket
[18.06.2025 22:37:58] [INFO] Próba logowania użytkownika
[18.06.2025 22:37:58] [INFO] Logowanie użytkownika test zakończone sukcesem
[18.06.2025 22:37:58] [INFO] Nawiązano nowe połączenie WebSocket
[18.06.2025 22:40:37] [INFO] Próba logowania użytkownika
[18.06.2025 22:40:37] [INFO] Logowanie użytkownika test2 zakończone sukcesem
[18.06.2025 22:40:38] [INFO] Nawiązano nowe połączenie WebSocket
[18.06.2025 22:48:18] [INFO] Próba logowania użytkownika
[18.06.2025 22:48:18] [INFO] Logowanie użytkownika test zakończone sukcesem
[18.06.2025 22:48:18] [INFO] Nawiązano nowe połączenie WebSocket
[18.06.2025 22:49:05] [INFO] Nawiązano nowe połączenie WebSocket
[18.06.2025 22:49:22] [INFO] Próba logowania użytkownika
[18.06.2025 22:49:22] [INFO] Logowanie użytkownika test2 zakończone sukcesem
[18.06.2025 22:49:22] [INFO] Nawiązano nowe połączenie WebSocket
[18.06.2025 22:59:28] [INFO] Próba logowania użytkownika
[18.06.2025 22:59:28] [INFO] Logowanie użytkownika test zakończone sukcesem
[18.06.2025 22:59:28] [INFO] Nawiązano nowe połączenie WebSocket
[18.06.2025 23:00:15] [INFO] Nawiązano nowe połączenie WebSocket
[18.06.2025 23:01:09] [INFO] Próba logowania użytkownika
[18.06.2025 23:01:10] [INFO] Logowanie użytkownika test2 zakończone sukcesem
[18.06.2025 23:01:10] [INFO] Nawiązano nowe połączenie WebSocket
[18.06.2025 23:02:01] [INFO] Próba logowania użytkownika
[18.06.2025 23:02:01] [WARNING] Logowanie nieudane dla test2: Błędne dane logowania. Pozostało 2 prób
[18.06.2025 23:02:06] [INFO] Próba logowania użytkownika
[18.06.2025 23:02:06] [WARNING] Logowanie nieudane dla test2: Błędne dane logowania. Pozostało 1 prób
[18.06.2025 23:02:09] [INFO] Próba logowania użytkownika
[18.06.2025 23:02:09] [WARNING] Konto test2 zablokowane przez 5 minut do 23:07
[18.06.2025 23:03:20] [INFO] Próba rejestracji nowego użytkownika
[18.06.2025 23:03:20] [INFO] Rejestracja użytkownika test6 zakończona sukcesem
[18.06.2025 23:03:29] [INFO] Próba logowania użytkownika
[18.06.2025 23:03:29] [INFO] Logowanie użytkownika test6 zakończone sukcesem
[18.06.2025 23:03:29] [INFO] Nawiązano nowe połączenie WebSocket
[18.06.2025 23:04:34] [INFO] Nawiązano nowe połączenie WebSocket
[18.06.2025 23:08:08] [INFO] Próba logowania użytkownika
[18.06.2025 23:08:08] [INFO] Logowanie użytkownika test2 zakończone sukcesem
[18.06.2025 23:08:08] [INFO] Nawiązano nowe połączenie WebSocket
[18.06.2025 23:10:35] [INFO] Próba logowania użytkownika
[18.06.2025 23:10:35] [INFO] Logowanie użytkownika test zakończone sukcesem
[18.06.2025 23:10:36] [INFO] Nawiązano nowe połączenie WebSocket
[18.06.2025 23:12:47] [INFO] Próba logowania użytkownika
[18.06.2025 23:12:47] [INFO] Logowanie użytkownika test zakończone sukcesem
[18.06.2025 23:12:47] [INFO] Nawiązano nowe połączenie WebSocket
[18.06.2025 23:14:17] [INFO] Próba logowania użytkownika
[18.06.2025 23:14:17] [INFO] Logowanie użytkownika test zakończone sukcesem
[18.06.2025 23:14:17] [INFO] Nawiązano nowe połączenie WebSocket
[18.06.2025 23:16:20] [INFO] Próba logowania użytkownika
[18.06.2025 23:16:20] [INFO] Logowanie użytkownika test zakończone sukcesem
[18.06.2025 23:16:21] [INFO] Nawiązano nowe połączenie WebSocket
[19.06.2025 11:48:33] [INFO] Próba logowania użytkownika
[19.06.2025 11:48:33] [INFO] Logowanie użytkownika test zakończone sukcesem
[19.06.2025 11:48:34] [INFO] Nawiązano nowe połączenie WebSocket
[19.06.2025 11:49:02] [INFO] Nawiązano nowe połączenie WebSocket
[19.06.2025 11:51:40] [INFO] Próba logowania użytkownika
[19.06.2025 11:51:40] [INFO] Logowanie użytkownika test zakończone sukcesem
[19.06.2025 11:51:40] [INFO] Nawiązano nowe połączenie WebSocket
[19.06.2025 11:54:42] [INFO] Próba rejestracji nowego użytkownika
[19.06.2025 11:54:42] [INFO] Rejestracja użytkownika qwerty zakończona sukcesem
[19.06.2025 11:54:59] [INFO] Próba logowania użytkownika
[19.06.2025 11:54:59] [INFO] Logowanie użytkownika qwerty zakończone sukcesem
[19.06.2025 11:55:00] [INFO] Nawiązano nowe połączenie WebSocket
[19.06.2025 13:29:11] [INFO] Próba logowania użytkownika
[19.06.2025 13:29:11] [INFO] Logowanie użytkownika test zakończone sukcesem
[19.06.2025 13:29:11] [INFO] Nawiązano nowe połączenie WebSocket
[19.06.2025 16:08:11] [INFO] Próba logowania użytkownika
[19.06.2025 16:08:11] [INFO] Logowanie użytkownika test zakończone sukcesem
[19.06.2025 16:08:11] [INFO] Nawiązano nowe połączenie WebSocket
[19.06.2025 16:08:37] [INFO] Próba logowania użytkownika
[19.06.2025 16:08:37] [INFO] Logowanie użytkownika test2 zakończone sukcesem
[19.06.2025 16:08:37] [INFO] Nawiązano nowe połączenie WebSocket
[19.06.2025 16:08:45] [INFO] Próba logowania użytkownika
[19.06.2025 16:08:45] [INFO] Logowanie użytkownika test3 zakończone sukcesem
[19.06.2025 16:08:45] [INFO] Nawiązano nowe połączenie WebSocket
[19.06.2025 17:53:57] [INFO] Próba logowania użytkownika
[19.06.2025 17:53:57] [INFO] Logowanie użytkownika test zakończone sukcesem
[19.06.2025 17:53:58] [INFO] Nawiązano nowe połączenie WebSocket
[19.06.2025 17:54:12] [INFO] Nawiązano nowe połączenie WebSocket
